# JRE version: OpenJDK Runtime Environment (11.0.13) (build 11.0.13+0-b1751.21-8125866)
# Java VM: OpenJDK 64-Bit Server VM (11.0.13+0-b1751.21-8125866, mixed mode, tiered, compressed oops, g1 gc, windows-amd64)
Heap:
 garbage-first heap   total 183296K, used 129118K [0x00000000a0000000, 0x0000000100000000)
  region size 1024K, 48 young (49152K), 8 survivors (8192K)
 Metaspace       used 92033K, capacity 94971K, committed 95132K, reserved 1132544K
  class space    used 11745K, capacity 12842K, committed 12876K, reserved 1048576K
GC Heap History (20 events):
Event: 7.872 GC heap before
{Heap before GC invocations=9 (full 0):
 garbage-first heap   total 152576K, used 110150K [0x00000000a0000000, 0x0000000100000000)
  region size 1024K, 89 young (91136K), 6 survivors (6144K)
 Metaspace       used 42915K, capacity 43953K, committed 44060K, reserved 1087488K
  class space    used 5394K, capacity 5800K, committed 5836K, reserved 1048576K
}
Event: 7.896 GC heap after
{Heap after GC invocations=10 (full 0):
 garbage-first heap   total 152576K, used 28479K [0x00000000a0000000, 0x0000000100000000)
  region size 1024K, 11 young (11264K), 11 survivors (11264K)
 Metaspace       used 42915K, capacity 43953K, committed 44060K, reserved 1087488K
  class space    used 5394K, capacity 5800K, committed 5836K, reserved 1048576K
}
Event: 9.356 GC heap before
{Heap before GC invocations=11 (full 0):
 garbage-first heap   total 152576K, used 109375K [0x00000000a0000000, 0x0000000100000000)
  region size 1024K, 89 young (91136K), 11 survivors (11264K)
 Metaspace       used 48819K, capacity 50072K, committed 50204K, reserved 1093632K
  class space    used 6117K, capacity 6569K, committed 6604K, reserved 1048576K
}
Event: 9.377 GC heap after
{Heap after GC invocations=12 (full 0):
 garbage-first heap   total 152576K, used 33451K [0x00000000a0000000, 0x0000000100000000)
  region size 1024K, 11 young (11264K), 11 survivors (11264K)
 Metaspace       used 48819K, capacity 50072K, committed 50204K, reserved 1093632K
  class space    used 6117K, capacity 6569K, committed 6604K, reserved 1048576K
}
Event: 10.844 GC heap before
{Heap before GC invocations=12 (full 0):
 garbage-first heap   total 152576K, used 116395K [0x00000000a0000000, 0x0000000100000000)
  region size 1024K, 88 young (90112K), 11 survivors (11264K)
 Metaspace       used 54754K, capacity 56287K, committed 56476K, reserved 1097728K
  class space    used 6843K, capacity 7404K, committed 7500K, reserved 1048576K
}
Event: 10.867 GC heap after
{Heap after GC invocations=13 (full 0):
 garbage-first heap   total 152576K, used 43929K [0x00000000a0000000, 0x0000000100000000)
  region size 1024K, 11 young (11264K), 11 survivors (11264K)
 Metaspace       used 54754K, capacity 56287K, committed 56476K, reserved 1097728K
  class space    used 6843K, capacity 7404K, committed 7500K, reserved 1048576K
}
Event: 12.157 GC heap before
{Heap before GC invocations=13 (full 0):
 garbage-first heap   total 152576K, used 120729K [0x00000000a0000000, 0x0000000100000000)
  region size 1024K, 80 young (81920K), 11 survivors (11264K)
 Metaspace       used 62894K, capacity 64552K, committed 64668K, reserved 1105920K
  class space    used 7828K, capacity 8467K, committed 8524K, reserved 1048576K
}
Event: 12.177 GC heap after
{Heap after GC invocations=14 (full 0):
 garbage-first heap   total 183296K, used 50453K [0x00000000a0000000, 0x0000000100000000)
  region size 1024K, 6 young (6144K), 6 survivors (6144K)
 Metaspace       used 62894K, capacity 64552K, committed 64668K, reserved 1105920K
  class space    used 7828K, capacity 8467K, committed 8524K, reserved 1048576K
}
Event: 13.535 GC heap before
{Heap before GC invocations=14 (full 0):
 garbage-first heap   total 183296K, used 131349K [0x00000000a0000000, 0x0000000100000000)
  region size 1024K, 84 young (86016K), 6 survivors (6144K)
 Metaspace       used 66294K, capacity 67984K, committed 68252K, reserved 1107968K
  class space    used 8278K, capacity 8939K, committed 9036K, reserved 1048576K
}
Event: 13.549 GC heap after
{Heap after GC invocations=15 (full 0):
 garbage-first heap   total 183296K, used 55711K [0x00000000a0000000, 0x0000000100000000)
  region size 1024K, 11 young (11264K), 11 survivors (11264K)
 Metaspace       used 66294K, capacity 67984K, committed 68252K, reserved 1107968K
  class space    used 8278K, capacity 8939K, committed 9036K, reserved 1048576K
}
Event: 14.761 GC heap before
{Heap before GC invocations=15 (full 0):
 garbage-first heap   total 183296K, used 119199K [0x00000000a0000000, 0x0000000100000000)
  region size 1024K, 74 young (75776K), 11 survivors (11264K)
 Metaspace       used 71597K, capacity 73271K, committed 73372K, reserved 1114112K
  class space    used 9116K, capacity 9737K, committed 9804K, reserved 1048576K
}
Event: 14.781 GC heap after
{Heap after GC invocations=16 (full 0):
 garbage-first heap   total 183296K, used 59593K [0x00000000a0000000, 0x0000000100000000)
  region size 1024K, 10 young (10240K), 10 survivors (10240K)
 Metaspace       used 71597K, capacity 73271K, committed 73372K, reserved 1114112K
  class space    used 9116K, capacity 9737K, committed 9804K, reserved 1048576K
}
Event: 16.052 GC heap before
{Heap before GC invocations=17 (full 0):
 garbage-first heap   total 183296K, used 139465K [0x00000000a0000000, 0x0000000100000000)
  region size 1024K, 87 young (89088K), 10 survivors (10240K)
 Metaspace       used 75301K, capacity 77316K, committed 77596K, reserved 1116160K
  class space    used 9649K, capacity 10359K, committed 10444K, reserved 1048576K
}
Event: 16.073 GC heap after
{Heap after GC invocations=18 (full 0):
 garbage-first heap   total 183296K, used 67789K [0x00000000a0000000, 0x0000000100000000)
  region size 1024K, 11 young (11264K), 11 survivors (11264K)
 Metaspace       used 75301K, capacity 77316K, committed 77596K, reserved 1116160K
  class space    used 9649K, capacity 10359K, committed 10444K, reserved 1048576K
}
Event: 17.629 GC heap before
{Heap before GC invocations=19 (full 0):
 garbage-first heap   total 183296K, used 142541K [0x00000000a0000000, 0x0000000100000000)
  region size 1024K, 84 young (86016K), 11 survivors (11264K)
 Metaspace       used 80153K, capacity 82631K, committed 82972K, reserved 1120256K
  class space    used 10398K, capacity 11346K, committed 11468K, reserved 1048576K
}
Event: 17.653 GC heap after
{Heap after GC invocations=20 (full 0):
 garbage-first heap   total 183296K, used 76478K [0x00000000a0000000, 0x0000000100000000)
  region size 1024K, 9 young (9216K), 9 survivors (9216K)
 Metaspace       used 80153K, capacity 82631K, committed 82972K, reserved 1120256K
  class space    used 10398K, capacity 11346K, committed 11468K, reserved 1048576K
}
Event: 18.944 GC heap before
{Heap before GC invocations=20 (full 0):
 garbage-first heap   total 183296K, used 144062K [0x00000000a0000000, 0x0000000100000000)
  region size 1024K, 76 young (77824K), 9 survivors (9216K)
 Metaspace       used 87890K, capacity 90747K, committed 90908K, reserved 1128448K
  class space    used 11403K, capacity 12443K, committed 12492K, reserved 1048576K
}
Event: 18.965 GC heap after
{Heap after GC invocations=21 (full 0):
 garbage-first heap   total 183296K, used 83294K [0x00000000a0000000, 0x0000000100000000)
  region size 1024K, 8 young (8192K), 8 survivors (8192K)
 Metaspace       used 87890K, capacity 90747K, committed 90908K, reserved 1128448K
  class space    used 11403K, capacity 12443K, committed 12492K, reserved 1048576K
}
Event: 21.042 GC heap before
{Heap before GC invocations=21 (full 0):
 garbage-first heap   total 183296K, used 144734K [0x00000000a0000000, 0x0000000100000000)
  region size 1024K, 69 young (70656K), 8 survivors (8192K)
 Metaspace       used 91578K, capacity 94468K, committed 94620K, reserved 1130496K
  class space    used 11730K, capacity 12832K, committed 12876K, reserved 1048576K
}
Event: 21.094 GC heap after
{Heap after GC invocations=22 (full 0):
 garbage-first heap   total 183296K, used 89182K [0x00000000a0000000, 0x0000000100000000)
  region size 1024K, 8 young (8192K), 8 survivors (8192K)
 Metaspace       used 91578K, capacity 94468K, committed 94620K, reserved 1130496K
  class space    used 11730K, capacity 12832K, committed 12876K, reserved 1048576K
}

