# JRE version: Java(TM) SE Runtime Environment (17.0.7+8) (build 17.0.7+8-LTS-224)
# Java VM: Java HotSpot(TM) 64-Bit Server VM (17.0.7+8-LTS-224, mixed mode, sharing, tiered, compressed oops, compressed class ptrs, g1 gc, windows-amd64)
GC Precious Log:
 CPUs: 4 total, 4 available
 Memory: 7834M
 Large Page Support: Disabled
 NUMA Support: Disabled
 Compressed Oops: Enabled (32-bit)
 Heap Region Size: 1M
 Heap Min Capacity: 8M
 Heap Initial Capacity: 124M
 Heap Max Capacity: 1536M
 Pre-touch: Disabled
 Parallel Workers: 4
 Concurrent Workers: 1
 Concurrent Refinement Workers: 4
 Periodic GC: Disabled
Heap:
 garbage-first heap   total 247808K, used 140370K [0x00000000a0000000, 0x0000000100000000)
  region size 1024K, 5 young (5120K), 5 survivors (5120K)
 Metaspace       used 76563K, committed 77248K, reserved 1122304K
  class space    used 10390K, committed 10688K, reserved 1048576K
GC Heap History (20 events):
Event: 23.119 GC heap after
{Heap after GC invocations=41 (full 0):
 garbage-first heap   total 204800K, used 73495K [0x00000000a0000000, 0x0000000100000000)
  region size 1024K, 11 young (11264K), 11 survivors (11264K)
 Metaspace       used 66074K, committed 66752K, reserved 1114112K
  class space    used 9239K, committed 9536K, reserved 1048576K
}
Event: 43.278 GC heap before
{Heap before GC invocations=41 (full 0):
 garbage-first heap   total 204800K, used 150295K [0x00000000a0000000, 0x0000000100000000)
  region size 1024K, 87 young (89088K), 11 survivors (11264K)
 Metaspace       used 73482K, committed 74240K, reserved 1114112K
  class space    used 10117K, committed 10432K, reserved 1048576K
}
Event: 43.303 GC heap after
{Heap after GC invocations=42 (full 0):
 garbage-first heap   total 204800K, used 83525K [0x00000000a0000000, 0x0000000100000000)
  region size 1024K, 11 young (11264K), 11 survivors (11264K)
 Metaspace       used 73482K, committed 74240K, reserved 1114112K
  class space    used 10117K, committed 10432K, reserved 1048576K
}
Event: 45.403 GC heap before
{Heap before GC invocations=42 (full 0):
 garbage-first heap   total 204800K, used 154181K [0x00000000a0000000, 0x0000000100000000)
  region size 1024K, 81 young (82944K), 11 survivors (11264K)
 Metaspace       used 73627K, committed 74304K, reserved 1114112K
  class space    used 10121K, committed 10432K, reserved 1048576K
}
Event: 45.429 GC heap after
{Heap after GC invocations=43 (full 0):
 garbage-first heap   total 204800K, used 99028K [0x00000000a0000000, 0x0000000100000000)
  region size 1024K, 11 young (11264K), 11 survivors (11264K)
 Metaspace       used 73627K, committed 74304K, reserved 1114112K
  class space    used 10121K, committed 10432K, reserved 1048576K
}
Event: 46.467 GC heap before
{Heap before GC invocations=43 (full 0):
 garbage-first heap   total 204800K, used 157396K [0x00000000a0000000, 0x0000000100000000)
  region size 1024K, 68 young (69632K), 11 survivors (11264K)
 Metaspace       used 73663K, committed 74368K, reserved 1114112K
  class space    used 10122K, committed 10432K, reserved 1048576K
}
Event: 46.491 GC heap after
{Heap after GC invocations=44 (full 0):
 garbage-first heap   total 204800K, used 112340K [0x00000000a0000000, 0x0000000100000000)
  region size 1024K, 9 young (9216K), 9 survivors (9216K)
 Metaspace       used 73663K, committed 74368K, reserved 1114112K
  class space    used 10122K, committed 10432K, reserved 1048576K
}
Event: 48.335 GC heap before
{Heap before GC invocations=44 (full 0):
 garbage-first heap   total 204800K, used 160468K [0x00000000a0000000, 0x0000000100000000)
  region size 1024K, 56 young (57344K), 9 survivors (9216K)
 Metaspace       used 74022K, committed 74752K, reserved 1114112K
  class space    used 10149K, committed 10432K, reserved 1048576K
}
Event: 48.367 GC heap after
{Heap after GC invocations=45 (full 0):
 garbage-first heap   total 204800K, used 124628K [0x00000000a0000000, 0x0000000100000000)
  region size 1024K, 7 young (7168K), 7 survivors (7168K)
 Metaspace       used 74022K, committed 74752K, reserved 1114112K
  class space    used 10149K, committed 10432K, reserved 1048576K
}
Event: 50.401 GC heap before
{Heap before GC invocations=46 (full 0):
 garbage-first heap   total 217088K, used 162516K [0x00000000a0000000, 0x0000000100000000)
  region size 1024K, 44 young (45056K), 7 survivors (7168K)
 Metaspace       used 74635K, committed 75328K, reserved 1114112K
  class space    used 10198K, committed 10496K, reserved 1048576K
}
Event: 50.418 GC heap after
{Heap after GC invocations=47 (full 0):
 garbage-first heap   total 217088K, used 131023K [0x00000000a0000000, 0x0000000100000000)
  region size 1024K, 6 young (6144K), 6 survivors (6144K)
 Metaspace       used 74635K, committed 75328K, reserved 1114112K
  class space    used 10198K, committed 10496K, reserved 1048576K
}
Event: 50.461 GC heap before
{Heap before GC invocations=47 (full 0):
 garbage-first heap   total 217088K, used 135119K [0x00000000a0000000, 0x0000000100000000)
  region size 1024K, 10 young (10240K), 6 survivors (6144K)
 Metaspace       used 74657K, committed 75328K, reserved 1114112K
  class space    used 10198K, committed 10496K, reserved 1048576K
}
Event: 50.476 GC heap after
{Heap after GC invocations=48 (full 0):
 garbage-first heap   total 217088K, used 131196K [0x00000000a0000000, 0x0000000100000000)
  region size 1024K, 1 young (1024K), 1 survivors (1024K)
 Metaspace       used 74657K, committed 75328K, reserved 1114112K
  class space    used 10198K, committed 10496K, reserved 1048576K
}
Event: 51.015 GC heap before
{Heap before GC invocations=48 (full 0):
 garbage-first heap   total 217088K, used 172156K [0x00000000a0000000, 0x0000000100000000)
  region size 1024K, 41 young (41984K), 1 survivors (1024K)
 Metaspace       used 74744K, committed 75456K, reserved 1114112K
  class space    used 10198K, committed 10496K, reserved 1048576K
}
Event: 51.024 GC heap after
{Heap after GC invocations=49 (full 0):
 garbage-first heap   total 217088K, used 133865K [0x00000000a0000000, 0x0000000100000000)
  region size 1024K, 4 young (4096K), 4 survivors (4096K)
 Metaspace       used 74744K, committed 75456K, reserved 1114112K
  class space    used 10198K, committed 10496K, reserved 1048576K
}
Event: 51.688 GC heap before
{Heap before GC invocations=50 (full 0):
 garbage-first heap   total 247808K, used 174825K [0x00000000a0000000, 0x0000000100000000)
  region size 1024K, 44 young (45056K), 4 survivors (4096K)
 Metaspace       used 74760K, committed 75456K, reserved 1114112K
  class space    used 10199K, committed 10496K, reserved 1048576K
}
Event: 51.703 GC heap after
{Heap after GC invocations=51 (full 0):
 garbage-first heap   total 247808K, used 136666K [0x00000000a0000000, 0x0000000100000000)
  region size 1024K, 3 young (3072K), 3 survivors (3072K)
 Metaspace       used 74760K, committed 75456K, reserved 1114112K
  class space    used 10199K, committed 10496K, reserved 1048576K
}
Event: 51.754 GC heap before
{Heap before GC invocations=51 (full 0):
 garbage-first heap   total 247808K, used 145882K [0x00000000a0000000, 0x0000000100000000)
  region size 1024K, 12 young (12288K), 3 survivors (3072K)
 Metaspace       used 74760K, committed 75456K, reserved 1114112K
  class space    used 10199K, committed 10496K, reserved 1048576K
}
Event: 51.763 GC heap after
{Heap after GC invocations=52 (full 0):
 garbage-first heap   total 247808K, used 137016K [0x00000000a0000000, 0x0000000100000000)
  region size 1024K, 1 young (1024K), 1 survivors (1024K)
 Metaspace       used 74760K, committed 75456K, reserved 1114112K
  class space    used 10199K, committed 10496K, reserved 1048576K
}
Event: 54.617 GC heap before
{Heap before GC invocations=52 (full 0):
 garbage-first heap   total 247808K, used 197432K [0x00000000a0000000, 0x0000000100000000)
  region size 1024K, 60 young (61440K), 1 survivors (1024K)
 Metaspace       used 76563K, committed 77248K, reserved 1122304K
  class space    used 10390K, committed 10688K, reserved 1048576K
}

