# JRE version: OpenJDK Runtime Environment (11.0.13) (build 11.0.13+0-b1751.21-8125866)
# Java VM: OpenJDK 64-Bit Server VM (11.0.13+0-b1751.21-8125866, mixed mode, tiered, compressed oops, g1 gc, windows-amd64)
Heap:
 garbage-first heap   total 152576K, used 95872K [0x00000000a0000000, 0x0000000100000000)
  region size 1024K, 50 young (51200K), 6 survivors (6144K)
 Metaspace       used 66269K, capacity 68006K, committed 68176K, reserved 1107968K
  class space    used 8259K, capacity 8902K, committed 8960K, reserved 1048576K
GC Heap History (20 events):
Event: 3.429 GC heap before
{Heap before GC invocations=3 (full 0):
 garbage-first heap   total 126976K, used 52423K [0x00000000a0000000, 0x0000000100000000)
  region size 1024K, 44 young (45056K), 4 survivors (4096K)
 Metaspace       used 17671K, capacity 18057K, committed 18304K, reserved 1064960K
  class space    used 2025K, capacity 2149K, committed 2176K, reserved 1048576K
}
Event: 3.436 GC heap after
{Heap after GC invocations=4 (full 0):
 garbage-first heap   total 126976K, used 16112K [0x00000000a0000000, 0x0000000100000000)
  region size 1024K, 6 young (6144K), 6 survivors (6144K)
 Metaspace       used 17671K, capacity 18057K, committed 18304K, reserved 1064960K
  class space    used 2025K, capacity 2149K, committed 2176K, reserved 1048576K
}
Event: 3.906 GC heap before
{Heap before GC invocations=4 (full 0):
 garbage-first heap   total 126976K, used 45808K [0x00000000a0000000, 0x0000000100000000)
  region size 1024K, 36 young (36864K), 6 survivors (6144K)
 Metaspace       used 20754K, capacity 21123K, committed 21296K, reserved 1069056K
  class space    used 2474K, capacity 2617K, committed 2688K, reserved 1048576K
}
Event: 3.912 GC heap after
{Heap after GC invocations=5 (full 0):
 garbage-first heap   total 126976K, used 18018K [0x00000000a0000000, 0x0000000100000000)
  region size 1024K, 2 young (2048K), 2 survivors (2048K)
 Metaspace       used 20754K, capacity 21123K, committed 21296K, reserved 1069056K
  class space    used 2474K, capacity 2617K, committed 2688K, reserved 1048576K
}
Event: 4.569 GC heap before
{Heap before GC invocations=6 (full 0):
 garbage-first heap   total 126976K, used 64098K [0x00000000a0000000, 0x0000000100000000)
  region size 1024K, 48 young (49152K), 2 survivors (2048K)
 Metaspace       used 25680K, capacity 26267K, committed 26416K, reserved 1073152K
  class space    used 3233K, capacity 3421K, committed 3456K, reserved 1048576K
}
Event: 4.576 GC heap after
{Heap after GC invocations=7 (full 0):
 garbage-first heap   total 126976K, used 19426K [0x00000000a0000000, 0x0000000100000000)
  region size 1024K, 3 young (3072K), 3 survivors (3072K)
 Metaspace       used 25680K, capacity 26267K, committed 26416K, reserved 1073152K
  class space    used 3233K, capacity 3421K, committed 3456K, reserved 1048576K
}
Event: 5.548 GC heap before
{Heap before GC invocations=7 (full 0):
 garbage-first heap   total 126976K, used 83938K [0x00000000a0000000, 0x0000000100000000)
  region size 1024K, 66 young (67584K), 3 survivors (3072K)
 Metaspace       used 32349K, capacity 33092K, committed 33200K, reserved 1077248K
  class space    used 4268K, capacity 4571K, committed 4608K, reserved 1048576K
}
Event: 5.556 GC heap after
{Heap after GC invocations=8 (full 0):
 garbage-first heap   total 126976K, used 21483K [0x00000000a0000000, 0x0000000100000000)
  region size 1024K, 5 young (5120K), 5 survivors (5120K)
 Metaspace       used 32349K, capacity 33092K, committed 33200K, reserved 1077248K
  class space    used 4268K, capacity 4571K, committed 4608K, reserved 1048576K
}
Event: 5.850 GC heap before
{Heap before GC invocations=8 (full 0):
 garbage-first heap   total 126976K, used 29675K [0x00000000a0000000, 0x0000000100000000)
  region size 1024K, 15 young (15360K), 5 survivors (5120K)
 Metaspace       used 34988K, capacity 35775K, committed 35920K, reserved 1081344K
  class space    used 4472K, capacity 4807K, committed 4864K, reserved 1048576K
}
Event: 5.862 GC heap after
{Heap after GC invocations=9 (full 0):
 garbage-first heap   total 126976K, used 23012K [0x00000000a0000000, 0x0000000100000000)
  region size 1024K, 7 young (7168K), 7 survivors (7168K)
 Metaspace       used 34988K, capacity 35775K, committed 35920K, reserved 1081344K
  class space    used 4472K, capacity 4807K, committed 4864K, reserved 1048576K
}
Event: 7.042 GC heap before
{Heap before GC invocations=10 (full 0):
 garbage-first heap   total 126976K, used 79332K [0x00000000a0000000, 0x0000000100000000)
  region size 1024K, 60 young (61440K), 7 survivors (7168K)
 Metaspace       used 40879K, capacity 41782K, committed 41936K, reserved 1085440K
  class space    used 5084K, capacity 5416K, committed 5504K, reserved 1048576K
}
Event: 7.063 GC heap after
{Heap after GC invocations=11 (full 0):
 garbage-first heap   total 126976K, used 28119K [0x00000000a0000000, 0x0000000100000000)
  region size 1024K, 8 young (8192K), 8 survivors (8192K)
 Metaspace       used 40879K, capacity 41782K, committed 41936K, reserved 1085440K
  class space    used 5084K, capacity 5416K, committed 5504K, reserved 1048576K
}
Event: 8.098 GC heap before
{Heap before GC invocations=12 (full 0):
 garbage-first heap   total 126976K, used 83415K [0x00000000a0000000, 0x0000000100000000)
  region size 1024K, 62 young (63488K), 8 survivors (8192K)
 Metaspace       used 45254K, capacity 46321K, committed 46416K, reserved 1089536K
  class space    used 5734K, capacity 6129K, committed 6144K, reserved 1048576K
}
Event: 8.115 GC heap after
{Heap after GC invocations=13 (full 0):
 garbage-first heap   total 152576K, used 30968K [0x00000000a0000000, 0x0000000100000000)
  region size 1024K, 8 young (8192K), 8 survivors (8192K)
 Metaspace       used 45254K, capacity 46321K, committed 46416K, reserved 1089536K
  class space    used 5734K, capacity 6129K, committed 6144K, reserved 1048576K
}
Event: 9.638 GC heap before
{Heap before GC invocations=13 (full 0):
 garbage-first heap   total 152576K, used 100600K [0x00000000a0000000, 0x0000000100000000)
  region size 1024K, 76 young (77824K), 8 survivors (8192K)
 Metaspace       used 49310K, capacity 50637K, committed 50768K, reserved 1093632K
  class space    used 6143K, capacity 6627K, committed 6656K, reserved 1048576K
}
Event: 9.652 GC heap after
{Heap after GC invocations=14 (full 0):
 garbage-first heap   total 152576K, used 34130K [0x00000000a0000000, 0x0000000100000000)
  region size 1024K, 7 young (7168K), 7 survivors (7168K)
 Metaspace       used 49310K, capacity 50637K, committed 50768K, reserved 1093632K
  class space    used 6143K, capacity 6627K, committed 6656K, reserved 1048576K
}
Event: 11.938 GC heap before
{Heap before GC invocations=14 (full 0):
 garbage-first heap   total 152576K, used 109906K [0x00000000a0000000, 0x0000000100000000)
  region size 1024K, 77 young (78848K), 7 survivors (7168K)
 Metaspace       used 56370K, capacity 57894K, committed 58192K, reserved 1099776K
  class space    used 7000K, capacity 7578K, committed 7680K, reserved 1048576K
}
Event: 11.953 GC heap after
{Heap after GC invocations=15 (full 0):
 garbage-first heap   total 152576K, used 45606K [0x00000000a0000000, 0x0000000100000000)
  region size 1024K, 10 young (10240K), 10 survivors (10240K)
 Metaspace       used 56370K, capacity 57894K, committed 58192K, reserved 1099776K
  class space    used 7000K, capacity 7578K, committed 7680K, reserved 1048576K
}
Event: 14.117 GC heap before
{Heap before GC invocations=15 (full 0):
 garbage-first heap   total 152576K, used 118310K [0x00000000a0000000, 0x0000000100000000)
  region size 1024K, 75 young (76800K), 10 survivors (10240K)
 Metaspace       used 63503K, capacity 65142K, committed 65232K, reserved 1105920K
  class space    used 7891K, capacity 8533K, committed 8576K, reserved 1048576K
}
Event: 14.134 GC heap after
{Heap after GC invocations=16 (full 0):
 garbage-first heap   total 152576K, used 51840K [0x00000000a0000000, 0x0000000100000000)
  region size 1024K, 6 young (6144K), 6 survivors (6144K)
 Metaspace       used 63503K, capacity 65142K, committed 65232K, reserved 1105920K
  class space    used 7891K, capacity 8533K, committed 8576K, reserved 1048576K
}

