# JRE version: OpenJDK Runtime Environment (11.0.13) (build 11.0.13+0-b1751.21-8125866)
# Java VM: OpenJDK 64-Bit Server VM (11.0.13+0-b1751.21-8125866, mixed mode, tiered, compressed oops, g1 gc, windows-amd64)
Heap:
 garbage-first heap   total 264192K, used 127218K [0x00000000a0000000, 0x0000000100000000)
  region size 1024K, 23 young (23552K), 2 survivors (2048K)
 Metaspace       used 94473K, capacity 97381K, committed 97628K, reserved 1134592K
  class space    used 11814K, capacity 12898K, committed 13068K, reserved 1048576K
GC Heap History (20 events):
Event: 61.651 GC heap before
{Heap before GC invocations=85 (full 0):
 garbage-first heap   total 264192K, used 220821K [0x00000000a0000000, 0x0000000100000000)
  region size 1024K, 64 young (65536K), 6 survivors (6144K)
 Metaspace       used 93441K, capacity 96316K, committed 96476K, reserved 1132544K
  class space    used 11738K, capacity 12836K, committed 12940K, reserved 1048576K
}
Event: 61.670 GC heap after
{Heap after GC invocations=86 (full 0):
 garbage-first heap   total 264192K, used 163127K [0x00000000a0000000, 0x0000000100000000)
  region size 1024K, 5 young (5120K), 5 survivors (5120K)
 Metaspace       used 93441K, capacity 96316K, committed 96476K, reserved 1132544K
  class space    used 11738K, capacity 12836K, committed 12940K, reserved 1048576K
}
Event: 62.871 GC heap before
{Heap before GC invocations=87 (full 0):
 garbage-first heap   total 264192K, used 222519K [0x00000000a0000000, 0x0000000100000000)
  region size 1024K, 63 young (64512K), 5 survivors (5120K)
 Metaspace       used 93449K, capacity 96316K, committed 96476K, reserved 1132544K
  class space    used 11738K, capacity 12836K, committed 12940K, reserved 1048576K
}
Event: 62.898 GC heap after
{Heap after GC invocations=88 (full 0):
 garbage-first heap   total 264192K, used 164283K [0x00000000a0000000, 0x0000000100000000)
  region size 1024K, 5 young (5120K), 5 survivors (5120K)
 Metaspace       used 93449K, capacity 96316K, committed 96476K, reserved 1132544K
  class space    used 11738K, capacity 12836K, committed 12940K, reserved 1048576K
}
Event: 64.219 GC heap before
{Heap before GC invocations=88 (full 0):
 garbage-first heap   total 264192K, used 224699K [0x00000000a0000000, 0x0000000100000000)
  region size 1024K, 64 young (65536K), 5 survivors (5120K)
 Metaspace       used 93463K, capacity 96316K, committed 96476K, reserved 1132544K
  class space    used 11738K, capacity 12836K, committed 12940K, reserved 1048576K
}
Event: 64.242 GC heap after
{Heap after GC invocations=89 (full 0):
 garbage-first heap   total 264192K, used 166105K [0x00000000a0000000, 0x0000000100000000)
  region size 1024K, 5 young (5120K), 5 survivors (5120K)
 Metaspace       used 93463K, capacity 96316K, committed 96476K, reserved 1132544K
  class space    used 11738K, capacity 12836K, committed 12940K, reserved 1048576K
}
Event: 65.326 GC heap before
{Heap before GC invocations=90 (full 0):
 garbage-first heap   total 264192K, used 226521K [0x00000000a0000000, 0x0000000100000000)
  region size 1024K, 64 young (65536K), 5 survivors (5120K)
 Metaspace       used 93464K, capacity 96316K, committed 96476K, reserved 1132544K
  class space    used 11738K, capacity 12836K, committed 12940K, reserved 1048576K
}
Event: 65.347 GC heap after
{Heap after GC invocations=91 (full 0):
 garbage-first heap   total 264192K, used 167715K [0x00000000a0000000, 0x0000000100000000)
  region size 1024K, 5 young (5120K), 5 survivors (5120K)
 Metaspace       used 93464K, capacity 96316K, committed 96476K, reserved 1132544K
  class space    used 11738K, capacity 12836K, committed 12940K, reserved 1048576K
}
Event: 66.047 GC heap before
{Heap before GC invocations=91 (full 0):
 garbage-first heap   total 264192K, used 228131K [0x00000000a0000000, 0x0000000100000000)
  region size 1024K, 64 young (65536K), 5 survivors (5120K)
 Metaspace       used 93468K, capacity 96316K, committed 96476K, reserved 1132544K
  class space    used 11738K, capacity 12836K, committed 12940K, reserved 1048576K
}
Event: 66.063 GC heap after
{Heap after GC invocations=92 (full 0):
 garbage-first heap   total 264192K, used 169235K [0x00000000a0000000, 0x0000000100000000)
  region size 1024K, 5 young (5120K), 5 survivors (5120K)
 Metaspace       used 93468K, capacity 96316K, committed 96476K, reserved 1132544K
  class space    used 11738K, capacity 12836K, committed 12940K, reserved 1048576K
}
Event: 67.165 GC heap before
{Heap before GC invocations=93 (full 0):
 garbage-first heap   total 264192K, used 228627K [0x00000000a0000000, 0x0000000100000000)
  region size 1024K, 63 young (64512K), 5 survivors (5120K)
 Metaspace       used 93614K, capacity 96448K, committed 96732K, reserved 1132544K
  class space    used 11748K, capacity 12836K, committed 12940K, reserved 1048576K
}
Event: 67.199 GC heap after
{Heap after GC invocations=94 (full 0):
 garbage-first heap   total 264192K, used 173278K [0x00000000a0000000, 0x0000000100000000)
  region size 1024K, 8 young (8192K), 8 survivors (8192K)
 Metaspace       used 93614K, capacity 96448K, committed 96732K, reserved 1132544K
  class space    used 11748K, capacity 12836K, committed 12940K, reserved 1048576K
}
Event: 67.849 GC heap before
{Heap before GC invocations=94 (full 0):
 garbage-first heap   total 264192K, used 226526K [0x00000000a0000000, 0x0000000100000000)
  region size 1024K, 61 young (62464K), 8 survivors (8192K)
 Metaspace       used 93723K, capacity 96475K, committed 96732K, reserved 1132544K
  class space    used 11751K, capacity 12840K, committed 12940K, reserved 1048576K
}
Event: 67.869 GC heap after
{Heap after GC invocations=95 (full 0):
 garbage-first heap   total 264192K, used 175931K [0x00000000a0000000, 0x0000000100000000)
  region size 1024K, 4 young (4096K), 4 survivors (4096K)
 Metaspace       used 93723K, capacity 96475K, committed 96732K, reserved 1132544K
  class space    used 11751K, capacity 12840K, committed 12940K, reserved 1048576K
}
Event: 68.786 GC heap before
{Heap before GC invocations=96 (full 0):
 garbage-first heap   total 264192K, used 192315K [0x00000000a0000000, 0x0000000100000000)
  region size 1024K, 55 young (56320K), 4 survivors (4096K)
 Metaspace       used 93928K, capacity 96747K, committed 96988K, reserved 1134592K
  class space    used 11765K, capacity 12843K, committed 12940K, reserved 1048576K
}
Event: 68.802 GC heap after
{Heap after GC invocations=97 (full 0):
 garbage-first heap   total 264192K, used 145154K [0x00000000a0000000, 0x0000000100000000)
  region size 1024K, 7 young (7168K), 7 survivors (7168K)
 Metaspace       used 93928K, capacity 96747K, committed 96988K, reserved 1134592K
  class space    used 11765K, capacity 12843K, committed 12940K, reserved 1048576K
}
Event: 68.901 GC heap before
{Heap before GC invocations=97 (full 0):
 garbage-first heap   total 264192K, used 149250K [0x00000000a0000000, 0x0000000100000000)
  region size 1024K, 12 young (12288K), 7 survivors (7168K)
 Metaspace       used 93933K, capacity 96747K, committed 96988K, reserved 1134592K
  class space    used 11765K, capacity 12843K, committed 12940K, reserved 1048576K
}
Event: 68.913 GC heap after
{Heap after GC invocations=98 (full 0):
 garbage-first heap   total 264192K, used 120001K [0x00000000a0000000, 0x0000000100000000)
  region size 1024K, 2 young (2048K), 2 survivors (2048K)
 Metaspace       used 93933K, capacity 96747K, committed 96988K, reserved 1134592K
  class space    used 11765K, capacity 12843K, committed 12940K, reserved 1048576K
}
Event: 69.066 GC heap before
{Heap before GC invocations=98 (full 0):
 garbage-first heap   total 264192K, used 130241K [0x00000000a0000000, 0x0000000100000000)
  region size 1024K, 12 young (12288K), 2 survivors (2048K)
 Metaspace       used 93943K, capacity 96748K, committed 96988K, reserved 1134592K
  class space    used 11765K, capacity 12843K, committed 12940K, reserved 1048576K
}
Event: 69.074 GC heap after
{Heap after GC invocations=99 (full 0):
 garbage-first heap   total 264192K, used 107762K [0x00000000a0000000, 0x0000000100000000)
  region size 1024K, 2 young (2048K), 2 survivors (2048K)
 Metaspace       used 93943K, capacity 96748K, committed 96988K, reserved 1134592K
  class space    used 11765K, capacity 12843K, committed 12940K, reserved 1048576K
}

